c:\users\tyagiy\source\repos\opengl\opengl\x64\debug\vc143.pdb
c:\users\tyagiy\source\repos\opengl\opengl\x64\debug\vc143.idb
c:\users\tyagiy\source\repos\opengl\opengl\x64\debug\window.obj
c:\users\tyagiy\source\repos\opengl\opengl\x64\debug\texture.obj
c:\users\tyagiy\source\repos\opengl\opengl\x64\debug\spotlight.obj
c:\users\tyagiy\source\repos\opengl\opengl\x64\debug\shadowmap.obj
c:\users\tyagiy\source\repos\opengl\opengl\x64\debug\shader.obj
c:\users\tyagiy\source\repos\opengl\opengl\x64\debug\pointlight.obj
c:\users\tyagiy\source\repos\opengl\opengl\x64\debug\model.obj
c:\users\tyagiy\source\repos\opengl\opengl\x64\debug\mesh.obj
c:\users\tyagiy\source\repos\opengl\opengl\x64\debug\material.obj
c:\users\tyagiy\source\repos\opengl\opengl\x64\debug\light.obj
c:\users\tyagiy\source\repos\opengl\opengl\x64\debug\directionallight.obj
c:\users\tyagiy\source\repos\opengl\opengl\x64\debug\camera.obj
c:\users\tyagiy\source\repos\opengl\opengl\x64\debug\main.obj
c:\users\tyagiy\source\repos\opengl\x64\debug\opengl.exe
c:\users\tyagiy\source\repos\opengl\x64\debug\opengl.pdb
c:\users\tyagiy\source\repos\opengl\opengl\x64\debug\opengl.ilk
c:\users\tyagiy\source\repos\opengl\opengl\x64\debug\opengl.tlog\cl.command.1.tlog
c:\users\tyagiy\source\repos\opengl\opengl\x64\debug\opengl.tlog\cl.items.tlog
c:\users\tyagiy\source\repos\opengl\opengl\x64\debug\opengl.tlog\cl.read.1.tlog
c:\users\tyagiy\source\repos\opengl\opengl\x64\debug\opengl.tlog\cl.write.1.tlog
c:\users\tyagiy\source\repos\opengl\opengl\x64\debug\opengl.tlog\link.command.1.tlog
c:\users\tyagiy\source\repos\opengl\opengl\x64\debug\opengl.tlog\link.read.1.tlog
c:\users\tyagiy\source\repos\opengl\opengl\x64\debug\opengl.tlog\link.secondary.1.tlog
c:\users\tyagiy\source\repos\opengl\opengl\x64\debug\opengl.tlog\link.write.1.tlog
